7f45 4c46 0201 0100 0000 0000 0000 0000
0300 3e00 0100 0000 2007 0000 0000 0000
4000 0000 0000 0000 482b 0000 0000 0000
0000 0000 4000 3800 0900 4000 1d00 1c00
0600 0000 0400 0000 4000 0000 0000 0000
4000 0000 0000 0000 4000 0000 0000 0000
f801 0000 0000 0000 f801 0000 0000 0000
0800 0000 0000 0000 0300 0000 0400 0000
3802 0000 0000 0000 3802 0000 0000 0000
3802 0000 0000 0000 1c00 0000 0000 0000
1c00 0000 0000 0000 0100 0000 0000 0000
0100 0000 0500 0000 0000 0000 0000 0000
0000 0000 0000 0000 0000 0000 0000 0000
280e 0000 0000 0000 280e 0000 0000 0000
0000 2000 0000 0000 0100 0000 0600 0000
e81d 0000 0000 0000 e81d 2000 0000 0000
e81d 2000 0000 0000 7802 0000 0000 0000
8002 0000 0000 0000 0000 2000 0000 0000
0200 0000 0600 0000 f81d 0000 0000 0000
f81d 2000 0000 0000 f81d 2000 0000 0000
e001 0000 0000 0000 e001 0000 0000 0000
0800 0000 0000 0000 0400 0000 0400 0000
5402 0000 0000 0000 5402 0000 0000 0000
5402 0000 0000 0000 4400 0000 0000 0000
4400 0000 0000 0000 0400 0000 0000 0000
50e5 7464 0400 0000 3c0c 0000 0000 0000
3c0c 0000 0000 0000 3c0c 0000 0000 0000
5c00 0000 0000 0000 5c00 0000 0000 0000
0400 0000 0000 0000 51e5 7464 0600 0000
0000 0000 0000 0000 0000 0000 0000 0000
0000 0000 0000 0000 0000 0000 0000 0000
0000 0000 0000 0000 1000 0000 0000 0000
52e5 7464 0400 0000 e81d 0000 0000 0000
e81d 2000 0000 0000 e81d 2000 0000 0000
1802 0000 0000 0000 1802 0000 0000 0000
0100 0000 0000 0000 2f6c 6962 3634 2f6c
642d 6c69 6e75 782d 7838 362d 3634 2e73
6f2e 3200 0400 0000 1000 0000 0100 0000
474e 5500 0000 0000 0300 0000 0200 0000
0000 0000 0400 0000 1400 0000 0300 0000
474e 5500 81da e80d a2fe f885 5c25 6cc2
2032 0507 6cb4 d96a 0100 0000 0100 0000
0100 0000 0000 0000 0000 0000 0000 0000
0000 0000 0000 0000 0000 0000 0000 0000
0000 0000 0000 0000 0000 0000 0000 0000
3000 0000 1200 0000 0000 0000 0000 0000
0000 0000 0000 0000 8d00 0000 2000 0000
0000 0000 0000 0000 0000 0000 0000 0000
1a00 0000 1200 0000 0000 0000 0000 0000
0000 0000 0000 0000 4600 0000 1200 0000
0000 0000 0000 0000 0000 0000 0000 0000
1f00 0000 1200 0000 0000 0000 0000 0000
0000 0000 0000 0000 3800 0000 1200 0000
0000 0000 0000 0000 0000 0000 0000 0000
5b00 0000 1200 0000 0000 0000 0000 0000
0000 0000 0000 0000 a900 0000 2000 0000
0000 0000 0000 0000 0000 0000 0000 0000
3f00 0000 1200 0000 0000 0000 0000 0000
0000 0000 0000 0000 0b00 0000 1200 0000
0000 0000 0000 0000 0000 0000 0000 0000
b800 0000 2000 0000 0000 0000 0000 0000
0000 0000 0000 0000 4c00 0000 2200 0000
0000 0000 0000 0000 0000 0000 0000 0000
006c 6962 632e 736f 2e36 005f 5f69 736f
6339 395f 7363 616e 6600 7075 7473 005f
5f73 7461 636b 5f63 686b 5f66 6169 6c00
7075 7463 6861 7200 7072 696e 7466 006d
616c 6c6f 6300 7173 6f72 7400 5f5f 6378
615f 6669 6e61 6c69 7a65 005f 5f6c 6962
635f 7374 6172 745f 6d61 696e 0047 4c49
4243 5f32 2e37 0047 4c49 4243 5f32 2e34
0047 4c49 4243 5f32 2e32 2e35 005f 4954
4d5f 6465 7265 6769 7374 6572 544d 436c
6f6e 6554 6162 6c65 005f 5f67 6d6f 6e5f
7374 6172 745f 5f00 5f49 544d 5f72 6567
6973 7465 7254 4d43 6c6f 6e65 5461 626c
6500 0000 0200 0000 0200 0200 0300 0200
0200 0000 0200 0400 0000 0200 0000 0000
0100 0300 0100 0000 1000 0000 0000 0000
1769 690d 0000 0400 6d00 0000 1000 0000
1469 690d 0000 0300 7700 0000 1000 0000
751a 6909 0000 0200 8100 0000 0000 0000
e81d 2000 0000 0000 0800 0000 0000 0000
0008 0000 0000 0000 f01d 2000 0000 0000
0800 0000 0000 0000 c007 0000 0000 0000
5820 2000 0000 0000 0800 0000 0000 0000
5820 2000 0000 0000 d81f 2000 0000 0000
0600 0000 0200 0000 0000 0000 0000 0000
e01f 2000 0000 0000 0600 0000 0700 0000
0000 0000 0000 0000 e81f 2000 0000 0000
0600 0000 0800 0000 0000 0000 0000 0000
f01f 2000 0000 0000 0600 0000 0b00 0000
0000 0000 0000 0000 f81f 2000 0000 0000
0600 0000 0c00 0000 0000 0000 0000 0000
1820 2000 0000 0000 0700 0000 0100 0000
0000 0000 0000 0000 2020 2000 0000 0000
0700 0000 0300 0000 0000 0000 0000 0000
2820 2000 0000 0000 0700 0000 0400 0000
0000 0000 0000 0000 3020 2000 0000 0000
0700 0000 0500 0000 0000 0000 0000 0000
3820 2000 0000 0000 0700 0000 0600 0000
0000 0000 0000 0000 4020 2000 0000 0000
0700 0000 0900 0000 0000 0000 0000 0000
4820 2000 0000 0000 0700 0000 0a00 0000
0000 0000 0000 0000 4883 ec08 488b 0555
1920 0048 85c0 7402 ffd0 4883 c408 c300
ff35 6219 2000 ff25 6419 2000 0f1f 4000
ff25 6219 2000 6800 0000 00e9 e0ff ffff
ff25 5a19 2000 6801 0000 00e9 d0ff ffff
ff25 5219 2000 6802 0000 00e9 c0ff ffff
ff25 4a19 2000 6803 0000 00e9 b0ff ffff
ff25 4219 2000 6804 0000 00e9 a0ff ffff
ff25 3a19 2000 6805 0000 00e9 90ff ffff
ff25 3219 2000 6806 0000 00e9 80ff ffff
31ed 4989 d15e 4889 e248 83e4 f050 544c
8d05 aa04 0000 488d 0d33 0400 0048 8d3d
b403 0000 ff15 9618 2000 f40f 1f44 0000
488d 3d09 1920 0048 8d05 0219 2000 4839
f874 1548 8b05 6e18 2000 4885 c074 09ff
e00f 1f80 0000 0000 c30f 1f80 0000 0000
488d 3dd9 1820 0048 8d35 d218 2000 4829
fe48 c1fe 0348 89f0 48c1 e83f 4801 c648
d1fe 7414 488b 0545 1820 0048 85c0 7408
ffe0 660f 1f44 0000 c30f 1f80 0000 0000
803d 9918 2000 0075 2f55 4883 3d26 1820
0000 4889 e574 0d48 8b3d 7a18 2000 ff15
1418 2000 e867 ffff ffc6 0570 1820 0001
5dc3 660f 1f44 0000 c30f 1f80 0000 0000
e97b ffff ff55 4889 e548 83ec 3048 897d
e889 75e4 4889 55d8 8b45 e448 9848 c1e0
0248 89c7 e8d7 feff ff48 8945 f8c7 45f0
0000 0000 eb1e 8b45 f048 9848 8d14 8500
0000 0048 8b45 f848 01d0 c700 0000 0000
8345 f001 8b45 f03b 45e4 7cda 8b45 e448
63f0 488b 45e8 488d 0dc3 0000 00ba 0800
0000 4889 c7e8 56fe ffff 488d 3d73 0300
00e8 3afe ffff 8b55 e448 8b45 e889 d648
89c7 e8ed 0100 00c7 45f4 0000 0000 488b
45f8 c700 0000 0000 c745 f001 0000 00eb
658b 45f0 4898 488d 14c5 0000 0000 488b
45e8 4801 d08b 108b 45f4 4898 488d 0c85
0000 0000 488b 45f8 4801 c88b 0048 9848
8d0c c500 0000 0048 8b45 e848 01c8 8b40
0439 c27c 1d83 45f4 018b 45f4 4898 488d
1485 0000 0000 488b 45f8 4801 c28b 45f0
8902 8345 f001 8b45 f03b 45e4 7c93 8b45
f48d 5001 488b 45d8 8910 488b 45f8 c9c3
5548 89e5 4889 7df8 4889 75f0 488b 45f8
8b50 0448 8b45 f08b 4004 29c2 89d0 5dc3
5548 89e5 4883 ec20 4889 7de8 488b 45e8
4889 c648 8d3d 9602 0000 b800 0000 00e8
9cfd ffff 488b 45e8 8b00 4898 48c1 e003
4889 c7e8 78fd ffff 4889 45f8 c745 f400
0000 00eb 4b8b 45f4 4898 488d 14c5 0000
0000 488b 45f8 4801 d048 83c0 048b 55f4
4863 d248 8d0c d500 0000 0048 8b55 f848
01ca 4889 d148 89c2 4889 ce48 8d3d 3102
0000 b800 0000 00e8 34fd ffff 8345 f401
488b 45e8 8b00 3945 f47c aa48 8b45 f8c9
c355 4889 e548 83ec 3048 897d e848 8975
e089 55dc 488d 3dfe 0100 00e8 b0fc ffff
c745 f800 0000 00eb 608b 45f8 4898 488d
1485 0000 0000 488b 45e0 4801 d08b 0089
45fc 8b45 fc48 9848 8d14 c500 0000 0048
8b45 e848 01d0 8b48 048b 45fc 4898 488d
14c5 0000 0000 488b 45e8 4801 d08b 108b
45fc 89c6 488d 3daf 0100 00b8 0000 0000
e87b fcff ff83 45f8 018b 45f8 3b45 dc7c
9890 c9c3 5548 89e5 4883 ec20 4889 7de8
8975 e4c7 45fc 0000 0000 eb47 8b45 fc48
9848 8d14 c500 0000 0048 8b45 e848 01d0
8b48 048b 45fc 4898 488d 14c5 0000 0000
488b 45e8 4801 d08b 108b 45fc 89c6 488d
3d56 0100 00b8 0000 0000 e811 fcff ff83
45fc 018b 45fc 3b45 e47c b1bf 0a00 0000
e8bb fbff ff90 c9c3 5548 89e5 4883 ec20
6448 8b04 2528 0000 0048 8945 f831 c048
8d45 e048 89c7 e835 feff ff48 8945 e88b
4de0 488d 55e4 488b 45e8 89ce 4889 c7e8
d1fc ffff 4889 45f0 8b55 e448 8b4d f048
8b45 e848 89ce 4889 c7e8 a3fe ffff b800
0000 0048 8b75 f864 4833 3425 2800 0000
7405 e879 fbff ffc9 c30f 1f80 0000 0000
4157 4989 d741 5649 89f6 4155 4189 fd41
544c 8d25 6012 2000 5548 8d2d 6012 2000
534c 29e5 4883 ec08 67e8 eafa ffff 48c1
fd03 7422 31db 662e 0f1f 8400 0000 0000
4c89 fa4c 89f6 4489 ef41 ff14 dc48 83c3
0148 39dd 75ea 4883 c408 5b5d 415c 415d
415e 415f c390 662e 0f1f 8400 0000 0000
c300 0000 4883 ec08 4883 c408 c300 0000
0100 0200 4166 7465 7220 736f 7274 3a00
2564 0025 6420 2564 0053 656c 6563 7465
6420 6576 656e 7473 3a00 4576 656e 7420
2564 3a20 2564 2d25 640a 0045 7665 6e74
2025 643a 2025 6420 2564 0a00 011b 033b
5800 0000 0a00 0000 64fa ffff a400 0000
e4fa ffff 7400 0000 c9fb ffff cc00 0000
f4fc ffff ec00 0000 14fd ffff 0c01 0000
b5fd ffff 2c01 0000 48fe ffff 4c01 0000
bcfe ffff 6c01 0000 34ff ffff 8c01 0000
a4ff ffff d401 0000 1400 0000 0000 0000
017a 5200 0178 1001 1b0c 0708 9001 0710
1400 0000 1c00 0000 68fa ffff 2b00 0000
0000 0000 0000 0000 1400 0000 0000 0000
017a 5200 0178 1001 1b0c 0708 9001 0000
2400 0000 1c00 0000 b8f9 ffff 8000 0000
000e 1046 0e18 4a0f 0b77 0880 003f 1a3b
2a33 2422 0000 0000 1c00 0000 4400 0000
f5fa ffff 2b01 0000 0041 0e10 8602 430d
0603 2601 0c07 0800 1c00 0000 6400 0000
00fc ffff 2000 0000 0041 0e10 8602 430d
065b 0c07 0800 0000 1c00 0000 8400 0000
00fc ffff a100 0000 0041 0e10 8602 430d
0602 9c0c 0708 0000 1c00 0000 a400 0000
81fc ffff 9300 0000 0041 0e10 8602 430d
0602 8e0c 0708 0000 1c00 0000 c400 0000
f4fc ffff 7400 0000 0041 0e10 8602 430d
0602 6f0c 0708 0000 1c00 0000 e400 0000
48fd ffff 7100 0000 0041 0e10 8602 430d
0602 6c0c 0708 0000 4400 0000 0401 0000
a0fd ffff 6500 0000 0042 0e10 8f02 450e
188e 0345 0e20 8d04 450e 288c 0548 0e30
8606 480e 3883 0747 0e40 720e 3841 0e30
410e 2842 0e20 420e 1842 0e10 420e 0800
1000 0000 4c01 0000 c8fd ffff 0100 0000
0000 0000 0000 0000 0000 0000 0000 0000
0000 0000 0000 0000 0000 0000 0000 0000
0000 0000 0000 0000 0000 0000 0000 0000
0000 0000 0000 0000 0000 0000 0000 0000
0000 0000 0000 0000 0000 0000 0000 0000
0000 0000 0000 0000 0000 0000 0000 0000
0000 0000 0000 0000 0000 0000 0000 0000
0000 0000 0000 0000 0000 0000 0000 0000
0000 0000 0000 0000 0000 0000 0000 0000
0000 0000 0000 0000 0000 0000 0000 0000
0000 0000 0000 0000 0000 0000 0000 0000
0000 0000 0000 0000 0000 0000 0000 0000
0000 0000 0000 0000 0000 0000 0000 0000
0000 0000 0000 0000 0000 0000 0000 0000
0000 0000 0000 0000 0000 0000 0000 0000
0000 0000 0000 0000 0000 0000 0000 0000
0000 0000 0000 0000 0000 0000 0000 0000
0000 0000 0000 0000 0000 0000 0000 0000
0000 0000 0000 0000 0000 0000 0000 0000
0000 0000 0000 0000 0000 0000 0000 0000
0000 0000 0000 0000 0000 0000 0000 0000
0000 0000 0000 0000 0000 0000 0000 0000
0000 0000 0000 0000 0000 0000 0000 0000
0000 0000 0000 0000 0000 0000 0000 0000
0000 0000 0000 0000 0000 0000 0000 0000
0000 0000 0000 0000 0000 0000 0000 0000
0000 0000 0000 0000 0000 0000 0000 0000
0000 0000 0000 0000 0000 0000 0000 0000
0000 0000 0000 0000 0000 0000 0000 0000
0000 0000 0000 0000 0000 0000 0000 0000
0000 0000 0000 0000 0000 0000 0000 0000
0000 0000 0000 0000 0000 0000 0000 0000
0000 0000 0000 0000 0000 0000 0000 0000
0000 0000 0000 0000 0000 0000 0000 0000
0000 0000 0000 0000 0000 0000 0000 0000
0000 0000 0000 0000 0000 0000 0000 0000
0000 0000 0000 0000 0000 0000 0000 0000
0000 0000 0000 0000 0000 0000 0000 0000
0000 0000 0000 0000 0000 0000 0000 0000
0000 0000 0000 0000 0000 0000 0000 0000
0000 0000 0000 0000 0000 0000 0000 0000
0000 0000 0000 0000 0000 0000 0000 0000
0000 0000 0000 0000 0000 0000 0000 0000
0000 0000 0000 0000 0000 0000 0000 0000
0000 0000 0000 0000 0000 0000 0000 0000
0000 0000 0000 0000 0000 0000 0000 0000
0000 0000 0000 0000 0000 0000 0000 0000
0000 0000 0000 0000 0000 0000 0000 0000
0000 0000 0000 0000 0000 0000 0000 0000
0000 0000 0000 0000 0000 0000 0000 0000
0000 0000 0000 0000 0000 0000 0000 0000
0000 0000 0000 0000 0000 0000 0000 0000
0000 0000 0000 0000 0000 0000 0000 0000
0000 0000 0000 0000 0000 0000 0000 0000
0000 0000 0000 0000 0000 0000 0000 0000
0000 0000 0000 0000 0000 0000 0000 0000
0000 0000 0000 0000 0000 0000 0000 0000
0000 0000 0000 0000 0000 0000 0000 0000
0000 0000 0000 0000 0000 0000 0000 0000
0000 0000 0000 0000 0000 0000 0000 0000
0000 0000 0000 0000 0000 0000 0000 0000
0000 0000 0000 0000 0000 0000 0000 0000
0000 0000 0000 0000 0000 0000 0000 0000
0000 0000 0000 0000 0000 0000 0000 0000
0000 0000 0000 0000 0000 0000 0000 0000
0000 0000 0000 0000 0000 0000 0000 0000
0000 0000 0000 0000 0000 0000 0000 0000
0000 0000 0000 0000 0000 0000 0000 0000
0000 0000 0000 0000 0000 0000 0000 0000
0000 0000 0000 0000 0000 0000 0000 0000
0000 0000 0000 0000 0000 0000 0000 0000
0000 0000 0000 0000 0000 0000 0000 0000
0000 0000 0000 0000 0000 0000 0000 0000
0000 0000 0000 0000 0000 0000 0000 0000
0000 0000 0000 0000 0000 0000 0000 0000
0000 0000 0000 0000 0000 0000 0000 0000
0000 0000 0000 0000 0000 0000 0000 0000
0000 0000 0000 0000 0000 0000 0000 0000
0000 0000 0000 0000 0000 0000 0000 0000
0000 0000 0000 0000 0000 0000 0000 0000
0000 0000 0000 0000 0000 0000 0000 0000
0000 0000 0000 0000 0000 0000 0000 0000
0000 0000 0000 0000 0000 0000 0000 0000
0000 0000 0000 0000 0000 0000 0000 0000
0000 0000 0000 0000 0000 0000 0000 0000
0000 0000 0000 0000 0000 0000 0000 0000
0000 0000 0000 0000 0000 0000 0000 0000
0000 0000 0000 0000 0000 0000 0000 0000
0000 0000 0000 0000 0000 0000 0000 0000
0000 0000 0000 0000 0000 0000 0000 0000
0000 0000 0000 0000 0000 0000 0000 0000
0000 0000 0000 0000 0000 0000 0000 0000
0000 0000 0000 0000 0000 0000 0000 0000
0000 0000 0000 0000 0000 0000 0000 0000
0000 0000 0000 0000 0000 0000 0000 0000
0000 0000 0000 0000 0000 0000 0000 0000
0000 0000 0000 0000 0000 0000 0000 0000
0000 0000 0000 0000 0000 0000 0000 0000
0000 0000 0000 0000 0000 0000 0000 0000
0000 0000 0000 0000 0000 0000 0000 0000
0000 0000 0000 0000 0000 0000 0000 0000
0000 0000 0000 0000 0000 0000 0000 0000
0000 0000 0000 0000 0000 0000 0000 0000
0000 0000 0000 0000 0000 0000 0000 0000
0000 0000 0000 0000 0000 0000 0000 0000
0000 0000 0000 0000 0000 0000 0000 0000
0000 0000 0000 0000 0000 0000 0000 0000
0000 0000 0000 0000 0000 0000 0000 0000
0000 0000 0000 0000 0000 0000 0000 0000
0000 0000 0000 0000 0000 0000 0000 0000
0000 0000 0000 0000 0000 0000 0000 0000
0000 0000 0000 0000 0000 0000 0000 0000
0000 0000 0000 0000 0000 0000 0000 0000
0000 0000 0000 0000 0000 0000 0000 0000
0000 0000 0000 0000 0000 0000 0000 0000
0000 0000 0000 0000 0000 0000 0000 0000
0000 0000 0000 0000 0000 0000 0000 0000
0000 0000 0000 0000 0000 0000 0000 0000
0000 0000 0000 0000 0000 0000 0000 0000
0000 0000 0000 0000 0000 0000 0000 0000
0000 0000 0000 0000 0000 0000 0000 0000
0000 0000 0000 0000 0000 0000 0000 0000
0000 0000 0000 0000 0000 0000 0000 0000
0000 0000 0000 0000 0000 0000 0000 0000
0000 0000 0000 0000 0000 0000 0000 0000
0000 0000 0000 0000 0000 0000 0000 0000
0000 0000 0000 0000 0000 0000 0000 0000
0000 0000 0000 0000 0000 0000 0000 0000
0000 0000 0000 0000 0000 0000 0000 0000
0000 0000 0000 0000 0000 0000 0000 0000
0000 0000 0000 0000 0000 0000 0000 0000
0000 0000 0000 0000 0000 0000 0000 0000
0000 0000 0000 0000 0000 0000 0000 0000
0000 0000 0000 0000 0000 0000 0000 0000
0000 0000 0000 0000 0000 0000 0000 0000
0000 0000 0000 0000 0000 0000 0000 0000
0000 0000 0000 0000 0000 0000 0000 0000
0000 0000 0000 0000 0000 0000 0000 0000
0000 0000 0000 0000 0000 0000 0000 0000
0000 0000 0000 0000 0000 0000 0000 0000
0000 0000 0000 0000 0000 0000 0000 0000
0000 0000 0000 0000 0000 0000 0000 0000
0000 0000 0000 0000 0000 0000 0000 0000
0000 0000 0000 0000 0000 0000 0000 0000
0000 0000 0000 0000 0000 0000 0000 0000
0000 0000 0000 0000 0000 0000 0000 0000
0000 0000 0000 0000 0000 0000 0000 0000
0000 0000 0000 0000 0000 0000 0000 0000
0000 0000 0000 0000 0000 0000 0000 0000
0000 0000 0000 0000 0000 0000 0000 0000
0000 0000 0000 0000 0000 0000 0000 0000
0000 0000 0000 0000 0000 0000 0000 0000
0000 0000 0000 0000 0000 0000 0000 0000
0000 0000 0000 0000 0000 0000 0000 0000
0000 0000 0000 0000 0000 0000 0000 0000
0000 0000 0000 0000 0000 0000 0000 0000
0000 0000 0000 0000 0000 0000 0000 0000
0000 0000 0000 0000 0000 0000 0000 0000
0000 0000 0000 0000 0000 0000 0000 0000
0000 0000 0000 0000 0000 0000 0000 0000
0000 0000 0000 0000 0000 0000 0000 0000
0000 0000 0000 0000 0000 0000 0000 0000
0000 0000 0000 0000 0000 0000 0000 0000
0000 0000 0000 0000 0000 0000 0000 0000
0000 0000 0000 0000 0000 0000 0000 0000
0000 0000 0000 0000 0000 0000 0000 0000
0000 0000 0000 0000 0000 0000 0000 0000
0000 0000 0000 0000 0000 0000 0000 0000
0000 0000 0000 0000 0000 0000 0000 0000
0000 0000 0000 0000 0000 0000 0000 0000
0000 0000 0000 0000 0000 0000 0000 0000
0000 0000 0000 0000 0000 0000 0000 0000
0000 0000 0000 0000 0000 0000 0000 0000
0000 0000 0000 0000 0000 0000 0000 0000
0000 0000 0000 0000 0000 0000 0000 0000
0000 0000 0000 0000 0000 0000 0000 0000
0000 0000 0000 0000 0000 0000 0000 0000
0000 0000 0000 0000 0000 0000 0000 0000
0000 0000 0000 0000 0000 0000 0000 0000
0000 0000 0000 0000 0000 0000 0000 0000
0000 0000 0000 0000 0000 0000 0000 0000
0000 0000 0000 0000 0000 0000 0000 0000
0000 0000 0000 0000 0000 0000 0000 0000
0000 0000 0000 0000 0000 0000 0000 0000
0000 0000 0000 0000 0000 0000 0000 0000
0000 0000 0000 0000 0000 0000 0000 0000
0000 0000 0000 0000 0000 0000 0000 0000
0000 0000 0000 0000 0000 0000 0000 0000
0000 0000 0000 0000 0000 0000 0000 0000
0000 0000 0000 0000 0000 0000 0000 0000
0000 0000 0000 0000 0000 0000 0000 0000
0000 0000 0000 0000 0000 0000 0000 0000
0000 0000 0000 0000 0000 0000 0000 0000
0000 0000 0000 0000 0000 0000 0000 0000
0000 0000 0000 0000 0000 0000 0000 0000
0000 0000 0000 0000 0000 0000 0000 0000
0000 0000 0000 0000 0000 0000 0000 0000
0000 0000 0000 0000 0000 0000 0000 0000
0000 0000 0000 0000 0000 0000 0000 0000
0000 0000 0000 0000 0000 0000 0000 0000
0000 0000 0000 0000 0000 0000 0000 0000
0000 0000 0000 0000 0000 0000 0000 0000
0000 0000 0000 0000 0000 0000 0000 0000
0000 0000 0000 0000 0000 0000 0000 0000
0000 0000 0000 0000 0000 0000 0000 0000
0000 0000 0000 0000 0000 0000 0000 0000
0000 0000 0000 0000 0000 0000 0000 0000
0000 0000 0000 0000 0000 0000 0000 0000
0000 0000 0000 0000 0000 0000 0000 0000
0000 0000 0000 0000 0000 0000 0000 0000
0000 0000 0000 0000 0000 0000 0000 0000
0000 0000 0000 0000 0000 0000 0000 0000
0000 0000 0000 0000 0000 0000 0000 0000
0000 0000 0000 0000 0000 0000 0000 0000
0000 0000 0000 0000 0000 0000 0000 0000
0000 0000 0000 0000 0000 0000 0000 0000
0000 0000 0000 0000 0000 0000 0000 0000
0000 0000 0000 0000 0000 0000 0000 0000
0000 0000 0000 0000 0000 0000 0000 0000
0000 0000 0000 0000 0000 0000 0000 0000
0000 0000 0000 0000 0000 0000 0000 0000
0000 0000 0000 0000 0000 0000 0000 0000
0000 0000 0000 0000 0000 0000 0000 0000
0000 0000 0000 0000 0000 0000 0000 0000
0000 0000 0000 0000 0000 0000 0000 0000
0000 0000 0000 0000 0000 0000 0000 0000
0000 0000 0000 0000 0000 0000 0000 0000
0000 0000 0000 0000 0000 0000 0000 0000
0000 0000 0000 0000 0000 0000 0000 0000
0000 0000 0000 0000 0000 0000 0000 0000
0000 0000 0000 0000 0000 0000 0000 0000
0000 0000 0000 0000 0000 0000 0000 0000
0000 0000 0000 0000 0000 0000 0000 0000
0000 0000 0000 0000 0000 0000 0000 0000
0000 0000 0000 0000 0000 0000 0000 0000
0000 0000 0000 0000 0000 0000 0000 0000
0000 0000 0000 0000 0000 0000 0000 0000
0000 0000 0000 0000 0000 0000 0000 0000
0000 0000 0000 0000 0000 0000 0000 0000
0000 0000 0000 0000 0000 0000 0000 0000
0000 0000 0000 0000 0000 0000 0000 0000
0000 0000 0000 0000 0000 0000 0000 0000
0000 0000 0000 0000 0000 0000 0000 0000
0000 0000 0000 0000 0000 0000 0000 0000
0000 0000 0000 0000 0000 0000 0000 0000
0000 0000 0000 0000 0000 0000 0000 0000
0000 0000 0000 0000 0000 0000 0000 0000
0000 0000 0000 0000 0000 0000 0000 0000
0000 0000 0000 0000 0000 0000 0000 0000
0000 0000 0000 0000 0000 0000 0000 0000
0000 0000 0000 0000 0000 0000 0000 0000
0000 0000 0000 0000 0000 0000 0000 0000
0000 0000 0000 0000 0008 0000 0000 0000
c007 0000 0000 0000 0100 0000 0000 0000
0100 0000 0000 0000 0c00 0000 0000 0000
8806 0000 0000 0000 0d00 0000 0000 0000
e40b 0000 0000 0000 1900 0000 0000 0000
e81d 2000 0000 0000 1b00 0000 0000 0000
0800 0000 0000 0000 1a00 0000 0000 0000
f01d 2000 0000 0000 1c00 0000 0000 0000
0800 0000 0000 0000 f5fe ff6f 0000 0000
9802 0000 0000 0000 0500 0000 0000 0000
f003 0000 0000 0000 0600 0000 0000 0000
b802 0000 0000 0000 0a00 0000 0000 0000
d200 0000 0000 0000 0b00 0000 0000 0000
1800 0000 0000 0000 1500 0000 0000 0000
0000 0000 0000 0000 0300 0000 0000 0000
0020 2000 0000 0000 0200 0000 0000 0000
a800 0000 0000 0000 1400 0000 0000 0000
0700 0000 0000 0000 1700 0000 0000 0000
e005 0000 0000 0000 0700 0000 0000 0000
2005 0000 0000 0000 0800 0000 0000 0000
c000 0000 0000 0000 0900 0000 0000 0000
1800 0000 0000 0000 fbff ff6f 0000 0000
0000 0008 0000 0000 feff ff6f 0000 0000
e004 0000 0000 0000 ffff ff6f 0000 0000
0100 0000 0000 0000 f0ff ff6f 0000 0000
c204 0000 0000 0000 f9ff ff6f 0000 0000
0300 0000 0000 0000 0000 0000 0000 0000
0000 0000 0000 0000 0000 0000 0000 0000
0000 0000 0000 0000 0000 0000 0000 0000
0000 0000 0000 0000 0000 0000 0000 0000
0000 0000 0000 0000 0000 0000 0000 0000
0000 0000 0000 0000 0000 0000 0000 0000
0000 0000 0000 0000 0000 0000 0000 0000
0000 0000 0000 0000 0000 0000 0000 0000
f81d 2000 0000 0000 0000 0000 0000 0000
0000 0000 0000 0000 b606 0000 0000 0000
c606 0000 0000 0000 d606 0000 0000 0000
e606 0000 0000 0000 f606 0000 0000 0000
0607 0000 0000 0000 1607 0000 0000 0000
0000 0000 0000 0000 5820 2000 0000 0000
4743 433a 2028 474e 5529 2038 2e31 2e30
0000 0000 0000 0000 0000 0000 0000 0000
0000 0000 0000 0000 0000 0000 0000 0000
0000 0000 0300 0100 3802 0000 0000 0000
0000 0000 0000 0000 0000 0000 0300 0200
5402 0000 0000 0000 0000 0000 0000 0000
0000 0000 0300 0300 7402 0000 0000 0000
0000 0000 0000 0000 0000 0000 0300 0400
9802 0000 0000 0000 0000 0000 0000 0000
0000 0000 0300 0500 b802 0000 0000 0000
0000 0000 0000 0000 0000 0000 0300 0600
f003 0000 0000 0000 0000 0000 0000 0000
0000 0000 0300 0700 c204 0000 0000 0000
0000 0000 0000 0000 0000 0000 0300 0800
e004 0000 0000 0000 0000 0000 0000 0000
0000 0000 0300 0900 2005 0000 0000 0000
0000 0000 0000 0000 0000 0000 0300 0a00
e005 0000 0000 0000 0000 0000 0000 0000
0000 0000 0300 0b00 8806 0000 0000 0000
0000 0000 0000 0000 0000 0000 0300 0c00
a006 0000 0000 0000 0000 0000 0000 0000
0000 0000 0300 0d00 2007 0000 0000 0000
0000 0000 0000 0000 0000 0000 0300 0e00
e40b 0000 0000 0000 0000 0000 0000 0000
0000 0000 0300 0f00 f00b 0000 0000 0000
0000 0000 0000 0000 0000 0000 0300 1000
3c0c 0000 0000 0000 0000 0000 0000 0000
0000 0000 0300 1100 980c 0000 0000 0000
0000 0000 0000 0000 0000 0000 0300 1200
e81d 2000 0000 0000 0000 0000 0000 0000
0000 0000 0300 1300 f01d 2000 0000 0000
0000 0000 0000 0000 0000 0000 0300 1400
f81d 2000 0000 0000 0000 0000 0000 0000
0000 0000 0300 1500 d81f 2000 0000 0000
0000 0000 0000 0000 0000 0000 0300 1600
0020 2000 0000 0000 0000 0000 0000 0000
0000 0000 0300 1700 5020 2000 0000 0000
0000 0000 0000 0000 0000 0000 0300 1800
6020 2000 0000 0000 0000 0000 0000 0000
0000 0000 0300 1900 0000 0000 0000 0000
0000 0000 0000 0000 0100 0000 0400 f1ff
0000 0000 0000 0000 0000 0000 0000 0000
0800 0000 0400 f1ff 0000 0000 0000 0000
0000 0000 0000 0000 1300 0000 0200 0d00
5007 0000 0000 0000 0000 0000 0000 0000
1500 0000 0200 0d00 8007 0000 0000 0000
0000 0000 0000 0000 2800 0000 0200 0d00
c007 0000 0000 0000 0000 0000 0000 0000
3e00 0000 0100 1800 6020 2000 0000 0000
0100 0000 0000 0000 4d00 0000 0100 1300
f01d 2000 0000 0000 0000 0000 0000 0000
7400 0000 0200 0d00 0008 0000 0000 0000
0000 0000 0000 0000 8000 0000 0100 1200
e81d 2000 0000 0000 0000 0000 0000 0000
9f00 0000 0400 f1ff 0000 0000 0000 0000
0000 0000 0000 0000 0800 0000 0400 f1ff
0000 0000 0000 0000 0000 0000 0000 0000
a600 0000 0100 1100 240e 0000 0000 0000
0000 0000 0000 0000 0000 0000 0400 f1ff
0000 0000 0000 0000 0000 0000 0000 0000
b400 0000 0000 1200 f01d 2000 0000 0000
0000 0000 0000 0000 c500 0000 0100 1400
f81d 2000 0000 0000 0000 0000 0000 0000
ce00 0000 0000 1200 e81d 2000 0000 0000
0000 0000 0000 0000 e100 0000 0000 1000
3c0c 0000 0000 0000 0000 0000 0000 0000
f400 0000 0100 1600 0020 2000 0000 0000
0000 0000 0000 0000 0a01 0000 1200 0d00
e00b 0000 0000 0000 0100 0000 0000 0000
1a01 0000 1200 0d00 f109 0000 0000 0000
9300 0000 0000 0000 2601 0000 1200 0000
0000 0000 0000 0000 0000 0000 0000 0000
3b01 0000 2000 0000 0000 0000 0000 0000
0000 0000 0000 0000 d401 0000 2000 1700
5020 2000 0000 0000 0000 0000 0000 0000
5701 0000 1200 0000 0000 0000 0000 0000
0000 0000 0000 0000 6901 0000 1200 0000
0000 0000 0000 0000 0000 0000 0000 0000
7c01 0000 1000 1700 6020 2000 0000 0000
0000 0000 0000 0000 1401 0000 1200 0e00
e40b 0000 0000 0000 0000 0000 0000 0000
8301 0000 1200 0000 0000 0000 0000 0000
0000 0000 0000 0000 9f01 0000 1200 0000
0000 0000 0000 0000 0000 0000 0000 0000
b301 0000 1200 0000 0000 0000 0000 0000
0000 0000 0000 0000 d201 0000 1000 1700
5020 2000 0000 0000 0000 0000 0000 0000
df01 0000 2000 0000 0000 0000 0000 0000
0000 0000 0000 0000 ee01 0000 1200 0d00
3009 0000 0000 0000 2000 0000 0000 0000
f201 0000 1102 1700 5820 2000 0000 0000
0000 0000 0000 0000 ff01 0000 1100 0f00
f00b 0000 0000 0000 0400 0000 0000 0000
0e02 0000 1200 0d00 700b 0000 0000 0000
6500 0000 0000 0000 1e02 0000 1200 0000
0000 0000 0000 0000 0000 0000 0000 0000
c000 0000 1000 1800 6820 2000 0000 0000
0000 0000 0000 0000 3202 0000 1200 0d00
0508 0000 0000 0000 2b01 0000 0000 0000
d801 0000 1200 0d00 2007 0000 0000 0000
2b00 0000 0000 0000 4302 0000 1000 1800
6020 2000 0000 0000 0000 0000 0000 0000
4f02 0000 1200 0d00 f80a 0000 0000 0000
7100 0000 0000 0000 5402 0000 1200 0d00
5009 0000 0000 0000 a100 0000 0000 0000
5902 0000 1200 0d00 840a 0000 0000 0000
7400 0000 0000 0000 6402 0000 1200 0000
0000 0000 0000 0000 0000 0000 0000 0000
7e02 0000 1102 1700 6020 2000 0000 0000
0000 0000 0000 0000 8a02 0000 2000 0000
0000 0000 0000 0000 0000 0000 0000 0000
a402 0000 2200 0000 0000 0000 0000 0000
0000 0000 0000 0000 1802 0000 1200 0b00
8806 0000 0000 0000 0000 0000 0000 0000
0069 6e69 742e 6300 6372 7473 7475 6666
2e63 0064 6572 6567 6973 7465 725f 746d
5f63 6c6f 6e65 7300 5f5f 646f 5f67 6c6f
6261 6c5f 6474 6f72 735f 6175 7800 636f
6d70 6c65 7465 642e 3733 3430 005f 5f64
6f5f 676c 6f62 616c 5f64 746f 7273 5f61
7578 5f66 696e 695f 6172 7261 795f 656e
7472 7900 6672 616d 655f 6475 6d6d 7900
5f5f 6672 616d 655f 6475 6d6d 795f 696e
6974 5f61 7272 6179 5f65 6e74 7279 006d
6169 6e2e 6300 5f5f 4652 414d 455f 454e
445f 5f00 5f5f 696e 6974 5f61 7272 6179
5f65 6e64 005f 4459 4e41 4d49 4300 5f5f
696e 6974 5f61 7272 6179 5f73 7461 7274
005f 5f47 4e55 5f45 485f 4652 414d 455f
4844 5200 5f47 4c4f 4241 4c5f 4f46 4653
4554 5f54 4142 4c45 5f00 5f5f 6c69 6263
5f63 7375 5f66 696e 6900 7072 696e 7452
6573 756c 7400 7075 7463 6861 7240 4047
4c49 4243 5f32 2e32 2e35 005f 4954 4d5f
6465 7265 6769 7374 6572 544d 436c 6f6e
6554 6162 6c65 0070 7574 7340 4047 4c49
4243 5f32 2e32 2e35 0071 736f 7274 4040
474c 4942 435f 322e 322e 3500 5f65 6461
7461 005f 5f73 7461 636b 5f63 686b 5f66
6169 6c40 4047 4c49 4243 5f32 2e34 0070
7269 6e74 6640 4047 4c49 4243 5f32 2e32
2e35 005f 5f6c 6962 635f 7374 6172 745f
6d61 696e 4040 474c 4942 435f 322e 322e
3500 5f5f 6461 7461 5f73 7461 7274 005f
5f67 6d6f 6e5f 7374 6172 745f 5f00 636d
7000 5f5f 6473 6f5f 6861 6e64 6c65 005f
494f 5f73 7464 696e 5f75 7365 6400 5f5f
6c69 6263 5f63 7375 5f69 6e69 7400 6d61
6c6c 6f63 4040 474c 4942 435f 322e 322e
3500 4163 7469 7669 7479 5365 6c65 6374
6f72 005f 5f62 7373 5f73 7461 7274 006d
6169 6e00 496e 6974 0070 7269 6e74 4172
7261 7900 5f5f 6973 6f63 3939 5f73 6361
6e66 4040 474c 4942 435f 322e 3700 5f5f
544d 435f 454e 445f 5f00 5f49 544d 5f72
6567 6973 7465 7254 4d43 6c6f 6e65 5461
626c 6500 5f5f 6378 615f 6669 6e61 6c69
7a65 4040 474c 4942 435f 322e 322e 3500
002e 7379 6d74 6162 002e 7374 7274 6162
002e 7368 7374 7274 6162 002e 696e 7465
7270 002e 6e6f 7465 2e41 4249 2d74 6167
002e 6e6f 7465 2e67 6e75 2e62 7569 6c64
2d69 6400 2e67 6e75 2e68 6173 6800 2e64
796e 7379 6d00 2e64 796e 7374 7200 2e67
6e75 2e76 6572 7369 6f6e 002e 676e 752e
7665 7273 696f 6e5f 7200 2e72 656c 612e
6479 6e00 2e72 656c 612e 706c 7400 2e69
6e69 7400 2e74 6578 7400 2e66 696e 6900
2e72 6f64 6174 6100 2e65 685f 6672 616d
655f 6864 7200 2e65 685f 6672 616d 6500
2e69 6e69 745f 6172 7261 7900 2e66 696e
695f 6172 7261 7900 2e64 796e 616d 6963
002e 676f 7400 2e67 6f74 2e70 6c74 002e
6461 7461 002e 6273 7300 2e63 6f6d 6d65
6e74 0000 0000 0000 0000 0000 0000 0000
0000 0000 0000 0000 0000 0000 0000 0000
0000 0000 0000 0000 0000 0000 0000 0000
0000 0000 0000 0000 0000 0000 0000 0000
0000 0000 0000 0000 1b00 0000 0100 0000
0200 0000 0000 0000 3802 0000 0000 0000
3802 0000 0000 0000 1c00 0000 0000 0000
0000 0000 0000 0000 0100 0000 0000 0000
0000 0000 0000 0000 2300 0000 0700 0000
0200 0000 0000 0000 5402 0000 0000 0000
5402 0000 0000 0000 2000 0000 0000 0000
0000 0000 0000 0000 0400 0000 0000 0000
0000 0000 0000 0000 3100 0000 0700 0000
0200 0000 0000 0000 7402 0000 0000 0000
7402 0000 0000 0000 2400 0000 0000 0000
0000 0000 0000 0000 0400 0000 0000 0000
0000 0000 0000 0000 4400 0000 f6ff ff6f
0200 0000 0000 0000 9802 0000 0000 0000
9802 0000 0000 0000 1c00 0000 0000 0000
0500 0000 0000 0000 0800 0000 0000 0000
0000 0000 0000 0000 4e00 0000 0b00 0000
0200 0000 0000 0000 b802 0000 0000 0000
b802 0000 0000 0000 3801 0000 0000 0000
0600 0000 0100 0000 0800 0000 0000 0000
1800 0000 0000 0000 5600 0000 0300 0000
0200 0000 0000 0000 f003 0000 0000 0000
f003 0000 0000 0000 d200 0000 0000 0000
0000 0000 0000 0000 0100 0000 0000 0000
0000 0000 0000 0000 5e00 0000 ffff ff6f
0200 0000 0000 0000 c204 0000 0000 0000
c204 0000 0000 0000 1a00 0000 0000 0000
0500 0000 0000 0000 0200 0000 0000 0000
0200 0000 0000 0000 6b00 0000 feff ff6f
0200 0000 0000 0000 e004 0000 0000 0000
e004 0000 0000 0000 4000 0000 0000 0000
0600 0000 0100 0000 0800 0000 0000 0000
0000 0000 0000 0000 7a00 0000 0400 0000
0200 0000 0000 0000 2005 0000 0000 0000
2005 0000 0000 0000 c000 0000 0000 0000
0500 0000 0000 0000 0800 0000 0000 0000
1800 0000 0000 0000 8400 0000 0400 0000
4200 0000 0000 0000 e005 0000 0000 0000
e005 0000 0000 0000 a800 0000 0000 0000
0500 0000 1600 0000 0800 0000 0000 0000
1800 0000 0000 0000 8e00 0000 0100 0000
0600 0000 0000 0000 8806 0000 0000 0000
8806 0000 0000 0000 1700 0000 0000 0000
0000 0000 0000 0000 0400 0000 0000 0000
0000 0000 0000 0000 8900 0000 0100 0000
0600 0000 0000 0000 a006 0000 0000 0000
a006 0000 0000 0000 8000 0000 0000 0000
0000 0000 0000 0000 1000 0000 0000 0000
1000 0000 0000 0000 9400 0000 0100 0000
0600 0000 0000 0000 2007 0000 0000 0000
2007 0000 0000 0000 c104 0000 0000 0000
0000 0000 0000 0000 1000 0000 0000 0000
0000 0000 0000 0000 9a00 0000 0100 0000
0600 0000 0000 0000 e40b 0000 0000 0000
e40b 0000 0000 0000 0900 0000 0000 0000
0000 0000 0000 0000 0400 0000 0000 0000
0000 0000 0000 0000 a000 0000 0100 0000
0200 0000 0000 0000 f00b 0000 0000 0000
f00b 0000 0000 0000 4c00 0000 0000 0000
0000 0000 0000 0000 0400 0000 0000 0000
0000 0000 0000 0000 a800 0000 0100 0000
0200 0000 0000 0000 3c0c 0000 0000 0000
3c0c 0000 0000 0000 5c00 0000 0000 0000
0000 0000 0000 0000 0400 0000 0000 0000
0000 0000 0000 0000 b600 0000 0100 0000
0200 0000 0000 0000 980c 0000 0000 0000
980c 0000 0000 0000 9001 0000 0000 0000
0000 0000 0000 0000 0800 0000 0000 0000
0000 0000 0000 0000 c000 0000 0e00 0000
0300 0000 0000 0000 e81d 2000 0000 0000
e81d 0000 0000 0000 0800 0000 0000 0000
0000 0000 0000 0000 0800 0000 0000 0000
0800 0000 0000 0000 cc00 0000 0f00 0000
0300 0000 0000 0000 f01d 2000 0000 0000
f01d 0000 0000 0000 0800 0000 0000 0000
0000 0000 0000 0000 0800 0000 0000 0000
0800 0000 0000 0000 d800 0000 0600 0000
0300 0000 0000 0000 f81d 2000 0000 0000
f81d 0000 0000 0000 e001 0000 0000 0000
0600 0000 0000 0000 0800 0000 0000 0000
1000 0000 0000 0000 e100 0000 0100 0000
0300 0000 0000 0000 d81f 2000 0000 0000
d81f 0000 0000 0000 2800 0000 0000 0000
0000 0000 0000 0000 0800 0000 0000 0000
0800 0000 0000 0000 e600 0000 0100 0000
0300 0000 0000 0000 0020 2000 0000 0000
0020 0000 0000 0000 5000 0000 0000 0000
0000 0000 0000 0000 0800 0000 0000 0000
0800 0000 0000 0000 ef00 0000 0100 0000
0300 0000 0000 0000 5020 2000 0000 0000
5020 0000 0000 0000 1000 0000 0000 0000
0000 0000 0000 0000 0800 0000 0000 0000
0000 0000 0000 0000 f500 0000 0800 0000
0300 0000 0000 0000 6020 2000 0000 0000
6020 0000 0000 0000 0800 0000 0000 0000
0000 0000 0000 0000 0100 0000 0000 0000
0000 0000 0000 0000 fa00 0000 0100 0000
3000 0000 0000 0000 0000 0000 0000 0000
6020 0000 0000 0000 1100 0000 0000 0000
0000 0000 0000 0000 0100 0000 0000 0000
0100 0000 0000 0000 0100 0000 0200 0000
0000 0000 0000 0000 0000 0000 0000 0000
7820 0000 0000 0000 0807 0000 0000 0000
1b00 0000 2c00 0000 0800 0000 0000 0000
1800 0000 0000 0000 0900 0000 0300 0000
0000 0000 0000 0000 0000 0000 0000 0000
8027 0000 0000 0000 c002 0000 0000 0000
0000 0000 0000 0000 0100 0000 0000 0000
0000 0000 0000 0000 1100 0000 0300 0000
0000 0000 0000 0000 0000 0000 0000 0000
402a 0000 0000 0000 0301 0000 0000 0000
0000 0000 0000 0000 0100 0000 0000 0000
0000 0000 0000 0000 